<?xml version="1.0" encoding="UTF-8"?>
<testng-results skipped="0" failed="0" ignored="0" total="1" passed="1">
  <reporter-output>
  </reporter-output>
  <suite name="Default suite" duration-ms="33" started-at="2020-01-07T10:54:03Z" finished-at="2020-01-07T10:54:03Z">
    <groups>
    </groups>
    <test name="Default test" duration-ms="33" started-at="2020-01-07T10:54:03Z" finished-at="2020-01-07T10:54:03Z">
      <class name="com.project.scripts.MyTest">
        <test-method status="PASS" signature="test()[pri:0, instance:com.project.scripts.MyTest@3532ec19]" name="test" duration-ms="15" started-at="2020-01-07T10:54:03Z" finished-at="2020-01-07T10:54:03Z">
          <reporter-output>
          </reporter-output>
        </test-method> <!-- test -->
      </class> <!-- com.project.scripts.MyTest -->
    </test> <!-- Default test -->
  </suite> <!-- Default suite -->
</testng-results>
