<?xml version="1.0" encoding="UTF-8"?>
<!-- Generated by org.testng.reporters.JUnitXMLReporter -->
<testsuite hostname="lapa1210" ignored="0" name="GoogleSearch" tests="1" failures="0" timestamp="06 Jan 2020 06:09:55 GMT" time="0.031" errors="0">
  <testcase name="@BeforeMethod openBrowser" time="0.0" classname="com.lapa.google.generic.BaseClass">
    <failure type="org.testng.TestNGException" message="
Can inject only one of &amp;lt;ITestContext, XmlTest, Method, Object[], ITestResult&amp;gt; into a @BeforeMethod annotated openBrowser.
For more information on native dependency injection please refer to http://testng.org/doc/documentation-main.html#native-dependency-injection">
      <![CDATA[org.testng.TestNGException: 
Can inject only one of <ITestContext, XmlTest, Method, Object[], ITestResult> into a @BeforeMethod annotated openBrowser.
For more information on native dependency injection please refer to http://testng.org/doc/documentation-main.html#native-dependency-injection
... Removed 25 stack frames]]>
    </failure>
  </testcase> <!-- @BeforeMethod openBrowser -->
  <testcase name="@AfterMethod closeBrowser" time="0.0" classname="com.lapa.google.generic.BaseClass">
    <skipped/>
  </testcase> <!-- @AfterMethod closeBrowser -->
  <testcase name="googleSearch" time="0.0" classname="com.lapa.google.scripts.GoogleSearchTest">
    <skipped/>
  </testcase> <!-- googleSearch -->
</testsuite> <!-- GoogleSearch -->
